0.0.1
Added to
208_Human_Weaponsmith.json
"core_2_knife",
"core_2_dagger",
"core_2_hammer",
"core_2_throwing_knife",
"core_2_slaughter_sword",
"core_2_jeweled_dagger",
"core_2_runic_dagger",
"core_2_pharaoh_dagger",
"core_2_katana",
"core_2_sabre",
"core_2_snake_sword",
"core_2_flame_sword",
"core_2_toothed_sword",
"core_2_hand_axe",
"core_2_awl_pike",
"core_2_dart",
"core_2_brass_knuckles",
725_Dwarf_Weaponsmith.json
"core_2_knife",
"core_2_hammer",
"core_2_pickaxe",
"core_2_hatchet",
"core_2_mace",
"core_2_dagger",
"core_2_short_sword",
"core_2_morning_star",
"core_2_spiked_club",
"core_2_executioners_axe",
"core_2_awl_pike",
"core_2_dart",
"core_2_brass_knuckles",
2336_Rasimi_Weaponsmith.json
"core_2_knife",
"core_2_weapon_stand",
"core_2_bandit_knife",
"core_2_short_sword",
"core_2_dart",
"core_2_ceremonial_dagger",
"core_2_rapier",
"core_2_war_dart",
"core_2_sabre",
"core_2_chakram",
"core_2_glaive",
"core_2_katana",
"core_2_snake_sword",
"core_2_flame_sword",
"core_2_halberd",
"core_2_hand_axe",
"core_2_hammer",
"core_2_mace",
"core_2_brass_knuckles",
Gnoll_Weaponsmith.json
"core_2_knife",
"core_2_throwing_knife",
"core_2_dart",
"core_2_bone_axe",
"core_2_bone_blade",
"core_2_throwing_axe",
"core_2_battle_axe",
"core_2_war_dart",
"core_2_bone_javelin",
"core_2_bone_throwing_axe",
"core_2_brass_knuckles",
"core_2_chakram",
"core_2_spiked_knuckle",
"core_2_studded_knuckle",
"core_2_hammer",
"core_2_awl_pike",
Goblin_Weaponsmith.json
"core_2_knife",
"core_2_hammer",
"core_2_pickaxe",
"core_2_shovel",
"core_2_hatchet",
"core_2_scissors",
"core_2_weapon_stand",
"core_2_throwing_knife",
"core_2_bone_blade",
"core_2_throwing_axe",
Mushman_Weaponsmith.json
"core_2_knife",
"core_2_dagger",
"core_2_pickaxe",
"core_2_shovel",
"core_2_hoe",
"core_2_weapon_stand",
"core_2_hatchet",
"core_2_scissors",
"core_2_short_sword",
"core_2_mallet",
"core_2_hand_axe",
"core_2_sickle",
"core_2_mace",
"core_2_throwing_knife",
"core_2_sword",
"core_2_throwing_axe",
"core_2_kama",
"core_2_chopper",
"core_2_cleaver",
"core_2_flail",
"core_2_brass_knuckles",
"core_2_awl_pike",
Orc_Weaponsmith.json
"core_2_hammer",
"core_2_weapon_stand",
"core_2_mace",
"core_2_spiked_club",
"core_2_bone_mace",
"core_2_morning_star",
"core_2_great_axe",
"core_2_throwing_hammer",
"core_2_bone_throwing_axe",
"core_2_war_axe",
"core_2_ball_headed_club",
"core_2_maul",
"core_2_slaughter_sword",
"core_2_greatsword",
"core_2_claymore",
"core_2_war_hammer",
Reptilion_Weaponsmith.json
"core_2_knife",
"core_2_hammer",
"core_2_throwing_knife",
"core_2_dart",
"core_2_ceremonial_dagger",
"core_2_war_dart",
"core_2_glaive",
"core_2_bone_spear",
"core_2_bone_javelin",
"core_2_hand_axe",
"core_2_brass_knuckles",
"core_2_khopesh",
"core_2_dao_sword",
Skeleton_Weaponsmith.json
"core_2_knife",
"core_2_dagger",
"core_2_bone_dagger",
"core_2_weapon_stand",
"core_2_ceremonial_dagger",
"core_2_short_sword",
"core_2_mace",
"core_2_sword",
"core_2_runic_dagger",
"core_2_longsword",
"core_2_sceptre",
"core_2_morning_star",
"core_2_dark_blade",
"core_2_claymore",
"core_2_pharaoh_dagger",
"core_2_hand_axe",
"core_2_awl_pike",
"core_2_dart",
"core_2_brass_knuckles",
Troll_Weaponsmith.json
"core_2_knife",
"core_2_hammer",
"core_2_mallet",
"core_2_weapon_stand",
"core_2_cleaver",
"core_2_ball_headed_club",
"core_2_disc_mace",
"core_2_scale_mace",
"core_2_throwing_hammer",
"core_2_great_axe",
"core_2_war_axe",
"core_2_greatsword",
"core_2_claymore",
"core_2_bastard_sword",
"core_2_executioners_axe",
"core_2_war_hammer",
"core_2_awl_pike",
"core_2_dart",
"core_2_short_sword",
Ursan_Weaponsmith.json
"core_2_knife",
"core_2_hammer",
"core_2_hand_axe",
"core_2_throwing_knife",
"core_2_morning_star",
"core_2_bear_paw_knuckle",
"core_2_brass_knuckles",
"core_2_spiked_club",
"core_2_dart",
"core_2_throwing_hammer",
"core_2_spiked_knuckle",
"core_2_studded_knuckle",
"core_2_maul",
"core_2_bastard_sword",
"core_2_greatsword",
"core_2_battle_gauntlet",
"core_2_iron_fist",
